<?xml version="1.0" encoding="UTF-8"?>
<testng-results skipped="0" failed="1" total="1" passed="0">
  <reporter-output>
  </reporter-output>
  <suite name="Default suite" duration-ms="32539" started-at="2017-08-31T17:53:38Z" finished-at="2017-08-31T17:54:11Z">
    <groups>
    </groups>
    <test name="Default test" duration-ms="32539" started-at="2017-08-31T17:53:38Z" finished-at="2017-08-31T17:54:11Z">
      <class name="com.guru.commons.testscripts.TC003_ComparePrdTest">
        <test-method status="PASS" signature="setUp()[pri:0, instance:com.guru.commons.testscripts.TC003_ComparePrdTest@39c0f4a]" name="setUp" is-config="true" duration-ms="14269" started-at="2017-08-31T23:23:38Z" finished-at="2017-08-31T23:23:53Z">
          <reporter-output>
          </reporter-output>
        </test-method> <!-- setUp -->
        <test-method status="FAIL" signature="verifycomparePrd()[pri:0, instance:com.guru.commons.testscripts.TC003_ComparePrdTest@39c0f4a]" name="verifycomparePrd" duration-ms="18249" started-at="2017-08-31T23:23:53Z" finished-at="2017-08-31T23:24:11Z">
          <exception class="org.openqa.selenium.NoSuchWindowException">
            <message>
              <![CDATA[Window not found. The browser window may have been closed.
Command duration or timeout: 21 milliseconds]]>
            </message>
            <full-stacktrace>
              <![CDATA[org.openqa.selenium.NoSuchWindowException: Window not found. The browser window may have been closed.
Command duration or timeout: 21 milliseconds
	at sun.reflect.NativeConstructorAccessorImpl.newInstance0(Native Method)
	at sun.reflect.NativeConstructorAccessorImpl.newInstance(Unknown Source)
	at sun.reflect.DelegatingConstructorAccessorImpl.newInstance(Unknown Source)
	at java.lang.reflect.Constructor.newInstance(Unknown Source)
	at org.openqa.selenium.remote.ErrorHandler.createThrowable(ErrorHandler.java:216)
	at org.openqa.selenium.remote.ErrorHandler.throwIfResponseFailed(ErrorHandler.java:168)
	at org.openqa.selenium.remote.RemoteWebDriver.execute(RemoteWebDriver.java:635)
	at org.openqa.selenium.remote.RemoteWebDriver.findElement(RemoteWebDriver.java:368)
	at org.openqa.selenium.remote.RemoteWebDriver.findElementByXPath(RemoteWebDriver.java:473)
	at org.openqa.selenium.By$ByXPath.findElement(By.java:361)
	at org.openqa.selenium.remote.RemoteWebDriver.findElement(RemoteWebDriver.java:360)
	at org.openqa.selenium.support.pagefactory.DefaultElementLocator.findElement(DefaultElementLocator.java:69)
	at org.openqa.selenium.support.pagefactory.internal.LocatingElementHandler.invoke(LocatingElementHandler.java:38)
	at com.sun.proxy.$Proxy6.getText(Unknown Source)
	at com.guru.Ecommerce.Automation.pageobjects.ComparePrdInList.ComparePrdWithName(ComparePrdInList.java:74)
	at com.guru.commons.testscripts.TC003_ComparePrdTest.verifycomparePrd(TC003_ComparePrdTest.java:26)
	at sun.reflect.NativeMethodAccessorImpl.invoke0(Native Method)
	at sun.reflect.NativeMethodAccessorImpl.invoke(Unknown Source)
	at sun.reflect.DelegatingMethodAccessorImpl.invoke(Unknown Source)
	at java.lang.reflect.Method.invoke(Unknown Source)
	at org.testng.internal.MethodInvocationHelper.invokeMethod(MethodInvocationHelper.java:80)
	at org.testng.internal.Invoker.invokeMethod(Invoker.java:714)
	at org.testng.internal.Invoker.invokeTestMethod(Invoker.java:901)
	at org.testng.internal.Invoker.invokeTestMethods(Invoker.java:1231)
	at org.testng.internal.TestMethodWorker.invokeTestMethods(TestMethodWorker.java:127)
	at org.testng.internal.TestMethodWorker.run(TestMethodWorker.java:111)
	at org.testng.TestRunner.privateRun(TestRunner.java:767)
	at org.testng.TestRunner.run(TestRunner.java:617)
	at org.testng.SuiteRunner.runTest(SuiteRunner.java:334)
	at org.testng.SuiteRunner.runSequentially(SuiteRunner.java:329)
	at org.testng.SuiteRunner.privateRun(SuiteRunner.java:291)
	at org.testng.SuiteRunner.run(SuiteRunner.java:240)
	at org.testng.SuiteRunnerWorker.runSuite(SuiteRunnerWorker.java:52)
	at org.testng.SuiteRunnerWorker.run(SuiteRunnerWorker.java:86)
	at org.testng.TestNG.runSuitesSequentially(TestNG.java:1198)
	at org.testng.TestNG.runSuitesLocally(TestNG.java:1123)
	at org.testng.TestNG.run(TestNG.java:1031)
	at org.testng.remote.AbstractRemoteTestNG.run(AbstractRemoteTestNG.java:132)
	at org.testng.remote.RemoteTestNG.initAndRun(RemoteTestNG.java:230)
	at org.testng.remote.RemoteTestNG.main(RemoteTestNG.java:76)
Caused by: org.openqa.selenium.NoSuchWindowException: Window not found. The browser window may have been closed.
Build info: version: '3.1.0', revision: 'b94c902', time: '2017-02-16 12:21:31 -0800'
System info: host: 'TJAISWAL-VAIO', ip: '192.168.43.60', os.name: 'Windows 7', os.arch: 'amd64', os.version: '6.1', java.version: '1.8.0_131'
Driver info: driver.version: unknown
	at <anonymous class>.nsCommandProcessor.prototype.execute(file:///C:/Users/tjaiswal/AppData/Local/Temp/anonymous5964525230306667501webdriver-profile/extensions/fxdriver@googlecode.com/components/command-processor.js:12798)
	at <anonymous class>.Dispatcher.executeAs/<(file:///C:/Users/tjaiswal/AppData/Local/Temp/anonymous5964525230306667501webdriver-profile/extensions/fxdriver@googlecode.com/components/driver-component.js:10554)
	at <anonymous class>.Resource.prototype.handle(file:///C:/Users/tjaiswal/AppData/Local/Temp/anonymous5964525230306667501webdriver-profile/extensions/fxdriver@googlecode.com/components/driver-component.js:10701)
	at <anonymous class>.Dispatcher.prototype.dispatch(file:///C:/Users/tjaiswal/AppData/Local/Temp/anonymous5964525230306667501webdriver-profile/extensions/fxdriver@googlecode.com/components/driver-component.js:10648)
	at <anonymous class>.WebDriverServer/<.handle(file:///C:/Users/tjaiswal/AppData/Local/Temp/anonymous5964525230306667501webdriver-profile/extensions/fxdriver@googlecode.com/components/driver-component.js:12585)
	at <anonymous class>.createHandlerFunc/<(file:///C:/Users/tjaiswal/AppData/Local/Temp/anonymous5964525230306667501webdriver-profile/extensions/fxdriver@googlecode.com/components/httpd.js:2054)
	at <anonymous class>.ServerHandler.prototype.handleResponse(file:///C:/Users/tjaiswal/AppData/Local/Temp/anonymous5964525230306667501webdriver-profile/extensions/fxdriver@googlecode.com/components/httpd.js:2387)
	at <anonymous class>.Connection.prototype.process(file:///C:/Users/tjaiswal/AppData/Local/Temp/anonymous5964525230306667501webdriver-profile/extensions/fxdriver@googlecode.com/components/httpd.js:1223)
	at <anonymous class>.RequestReader.prototype._handleResponse(file:///C:/Users/tjaiswal/AppData/Local/Temp/anonymous5964525230306667501webdriver-profile/extensions/fxdriver@googlecode.com/components/httpd.js:1677)
	at <anonymous class>.RequestReader.prototype._processBody(file:///C:/Users/tjaiswal/AppData/Local/Temp/anonymous5964525230306667501webdriver-profile/extensions/fxdriver@googlecode.com/components/httpd.js:1525)
	at <anonymous class>.RequestReader.prototype.onInputStreamReady(file:///C:/Users/tjaiswal/AppData/Local/Temp/anonymous5964525230306667501webdriver-profile/extensions/fxdriver@googlecode.com/components/httpd.js:1393)
]]>
            </full-stacktrace>
          </exception> <!-- org.openqa.selenium.NoSuchWindowException -->
          <reporter-output>
          </reporter-output>
        </test-method> <!-- verifycomparePrd -->
      </class> <!-- com.guru.commons.testscripts.TC003_ComparePrdTest -->
    </test> <!-- Default test -->
  </suite> <!-- Default suite -->
</testng-results>
